Determining if the pthread_create exist failed with the following output:
Change Dir: /home/yutak/ros_ws/build_isolated/gaze_arm/CMakeFiles/CMakeTmp

Run Build Command:/usr/bin/make "cmTryCompileExec3760778218/fast"
/usr/bin/make -f CMakeFiles/cmTryCompileExec3760778218.dir/build.make CMakeFiles/cmTryCompileExec3760778218.dir/build
make[1]: Entering directory `/home/yutak/ros_ws/build_isolated/gaze_arm/CMakeFiles/CMakeTmp'
/usr/bin/cmake -E cmake_progress_report /home/yutak/ros_ws/build_isolated/gaze_arm/CMakeFiles/CMakeTmp/CMakeFiles 1
Building C object CMakeFiles/cmTryCompileExec3760778218.dir/CheckSymbolExists.c.o
/usr/bin/cc    -o CMakeFiles/cmTryCompileExec3760778218.dir/CheckSymbolExists.c.o   -c /home/yutak/ros_ws/build_isolated/gaze_arm/CMakeFiles/CMakeTmp/CheckSymbolExists.c
Linking C executable cmTryCompileExec3760778218
/usr/bin/cmake -E cmake_link_script CMakeFiles/cmTryCompileExec3760778218.dir/link.txt --verbose=1
/usr/bin/cc       CMakeFiles/cmTryCompileExec3760778218.dir/CheckSymbolExists.c.o  -o cmTryCompileExec3760778218 -rdynamic 
CMakeFiles/cmTryCompileExec3760778218.dir/CheckSymbolExists.c.o: In function `main':
CheckSymbolExists.c:(.text+0x16): undefined reference to `pthread_create'
collect2: error: ld returned 1 exit status
make[1]: Leaving directory `/home/yutak/ros_ws/build_isolated/gaze_arm/CMakeFiles/CMakeTmp'
make[1]: *** [cmTryCompileExec3760778218] Error 1
make: *** [cmTryCompileExec3760778218/fast] Error 2

File /home/yutak/ros_ws/build_isolated/gaze_arm/CMakeFiles/CMakeTmp/CheckSymbolExists.c:
/* */
#include <pthread.h>

int main(int argc, char** argv)
{
  (void)argv;
#ifndef pthread_create
  return ((int*)(&pthread_create))[argc];
#else
  (void)argc;
  return 0;
#endif
}

Determining if the function pthread_create exists in the pthreads failed with the following output:
Change Dir: /home/yutak/ros_ws/build_isolated/gaze_arm/CMakeFiles/CMakeTmp

Run Build Command:/usr/bin/make "cmTryCompileExec3128997993/fast"
/usr/bin/make -f CMakeFiles/cmTryCompileExec3128997993.dir/build.make CMakeFiles/cmTryCompileExec3128997993.dir/build
make[1]: Entering directory `/home/yutak/ros_ws/build_isolated/gaze_arm/CMakeFiles/CMakeTmp'
/usr/bin/cmake -E cmake_progress_report /home/yutak/ros_ws/build_isolated/gaze_arm/CMakeFiles/CMakeTmp/CMakeFiles 1
Building C object CMakeFiles/cmTryCompileExec3128997993.dir/CheckFunctionExists.c.o
/usr/bin/cc   -DCHECK_FUNCTION_EXISTS=pthread_create   -o CMakeFiles/cmTryCompileExec3128997993.dir/CheckFunctionExists.c.o   -c /usr/share/cmake-2.8/Modules/CheckFunctionExists.c
Linking C executable cmTryCompileExec3128997993
/usr/bin/cmake -E cmake_link_script CMakeFiles/cmTryCompileExec3128997993.dir/link.txt --verbose=1
/usr/bin/cc   -DCHECK_FUNCTION_EXISTS=pthread_create    CMakeFiles/cmTryCompileExec3128997993.dir/CheckFunctionExists.c.o  -o cmTryCompileExec3128997993 -rdynamic -lpthreads 
/usr/bin/ld: cannot find -lpthreads
collect2: error: ld returned 1 exit status
make[1]: *** [cmTryCompileExec3128997993] Error 1
make[1]: Leaving directory `/home/yutak/ros_ws/build_isolated/gaze_arm/CMakeFiles/CMakeTmp'
make: *** [cmTryCompileExec3128997993/fast] Error 2


