Determining if the pthread_create exist failed with the following output:
Change Dir: /home/yutak/ros_ws/build_isolated/ex_model/CMakeFiles/CMakeTmp

Run Build Command:/usr/bin/make "cmTryCompileExec1878343032/fast"
/usr/bin/make -f CMakeFiles/cmTryCompileExec1878343032.dir/build.make CMakeFiles/cmTryCompileExec1878343032.dir/build
make[1]: Entering directory `/home/yutak/ros_ws/build_isolated/ex_model/CMakeFiles/CMakeTmp'
/usr/bin/cmake -E cmake_progress_report /home/yutak/ros_ws/build_isolated/ex_model/CMakeFiles/CMakeTmp/CMakeFiles 1
Building C object CMakeFiles/cmTryCompileExec1878343032.dir/CheckSymbolExists.c.o
/usr/bin/cc    -o CMakeFiles/cmTryCompileExec1878343032.dir/CheckSymbolExists.c.o   -c /home/yutak/ros_ws/build_isolated/ex_model/CMakeFiles/CMakeTmp/CheckSymbolExists.c
Linking C executable cmTryCompileExec1878343032
/usr/bin/cmake -E cmake_link_script CMakeFiles/cmTryCompileExec1878343032.dir/link.txt --verbose=1
/usr/bin/cc       CMakeFiles/cmTryCompileExec1878343032.dir/CheckSymbolExists.c.o  -o cmTryCompileExec1878343032 -rdynamic 
CMakeFiles/cmTryCompileExec1878343032.dir/CheckSymbolExists.c.o: In function `main':
CheckSymbolExists.c:(.text+0x16): undefined reference to `pthread_create'
collect2: error: ld returned 1 exit status
make[1]: Leaving directory `/home/yutak/ros_ws/build_isolated/ex_model/CMakeFiles/CMakeTmp'
make[1]: *** [cmTryCompileExec1878343032] Error 1
make: *** [cmTryCompileExec1878343032/fast] Error 2

File /home/yutak/ros_ws/build_isolated/ex_model/CMakeFiles/CMakeTmp/CheckSymbolExists.c:
/* */
#include <pthread.h>

int main(int argc, char** argv)
{
  (void)argv;
#ifndef pthread_create
  return ((int*)(&pthread_create))[argc];
#else
  (void)argc;
  return 0;
#endif
}

Determining if the function pthread_create exists in the pthreads failed with the following output:
Change Dir: /home/yutak/ros_ws/build_isolated/ex_model/CMakeFiles/CMakeTmp

Run Build Command:/usr/bin/make "cmTryCompileExec2795730953/fast"
/usr/bin/make -f CMakeFiles/cmTryCompileExec2795730953.dir/build.make CMakeFiles/cmTryCompileExec2795730953.dir/build
make[1]: Entering directory `/home/yutak/ros_ws/build_isolated/ex_model/CMakeFiles/CMakeTmp'
/usr/bin/cmake -E cmake_progress_report /home/yutak/ros_ws/build_isolated/ex_model/CMakeFiles/CMakeTmp/CMakeFiles 1
Building C object CMakeFiles/cmTryCompileExec2795730953.dir/CheckFunctionExists.c.o
/usr/bin/cc   -DCHECK_FUNCTION_EXISTS=pthread_create   -o CMakeFiles/cmTryCompileExec2795730953.dir/CheckFunctionExists.c.o   -c /usr/share/cmake-2.8/Modules/CheckFunctionExists.c
Linking C executable cmTryCompileExec2795730953
/usr/bin/cmake -E cmake_link_script CMakeFiles/cmTryCompileExec2795730953.dir/link.txt --verbose=1
/usr/bin/cc   -DCHECK_FUNCTION_EXISTS=pthread_create    CMakeFiles/cmTryCompileExec2795730953.dir/CheckFunctionExists.c.o  -o cmTryCompileExec2795730953 -rdynamic -lpthreads 
/usr/bin/ld: cannot find -lpthreads
collect2: error: ld returned 1 exit status
make[1]: Leaving directory `/home/yutak/ros_ws/build_isolated/ex_model/CMakeFiles/CMakeTmp'
make[1]: *** [cmTryCompileExec2795730953] Error 1
make: *** [cmTryCompileExec2795730953/fast] Error 2


