Determining if the pthread_create exist failed with the following output:
Change Dir: /home/yutak/ros_ws/build_isolated/ros_gpio/CMakeFiles/CMakeTmp

Run Build Command:/usr/bin/make "cmTryCompileExec998840271/fast"
/usr/bin/make -f CMakeFiles/cmTryCompileExec998840271.dir/build.make CMakeFiles/cmTryCompileExec998840271.dir/build
make[1]: Entering directory `/home/yutak/ros_ws/build_isolated/ros_gpio/CMakeFiles/CMakeTmp'
/usr/bin/cmake -E cmake_progress_report /home/yutak/ros_ws/build_isolated/ros_gpio/CMakeFiles/CMakeTmp/CMakeFiles 1
Building C object CMakeFiles/cmTryCompileExec998840271.dir/CheckSymbolExists.c.o
/usr/bin/cc    -o CMakeFiles/cmTryCompileExec998840271.dir/CheckSymbolExists.c.o   -c /home/yutak/ros_ws/build_isolated/ros_gpio/CMakeFiles/CMakeTmp/CheckSymbolExists.c
Linking C executable cmTryCompileExec998840271
/usr/bin/cmake -E cmake_link_script CMakeFiles/cmTryCompileExec998840271.dir/link.txt --verbose=1
/usr/bin/cc       CMakeFiles/cmTryCompileExec998840271.dir/CheckSymbolExists.c.o  -o cmTryCompileExec998840271 -rdynamic 
CMakeFiles/cmTryCompileExec998840271.dir/CheckSymbolExists.c.o: In function `main':
CheckSymbolExists.c:(.text+0x16): undefined reference to `pthread_create'
collect2: error: ld returned 1 exit status
make[1]: Leaving directory `/home/yutak/ros_ws/build_isolated/ros_gpio/CMakeFiles/CMakeTmp'
make[1]: *** [cmTryCompileExec998840271] Error 1
make: *** [cmTryCompileExec998840271/fast] Error 2

File /home/yutak/ros_ws/build_isolated/ros_gpio/CMakeFiles/CMakeTmp/CheckSymbolExists.c:
/* */
#include <pthread.h>

int main(int argc, char** argv)
{
  (void)argv;
#ifndef pthread_create
  return ((int*)(&pthread_create))[argc];
#else
  (void)argc;
  return 0;
#endif
}

Determining if the function pthread_create exists in the pthreads failed with the following output:
Change Dir: /home/yutak/ros_ws/build_isolated/ros_gpio/CMakeFiles/CMakeTmp

Run Build Command:/usr/bin/make "cmTryCompileExec395585393/fast"
/usr/bin/make -f CMakeFiles/cmTryCompileExec395585393.dir/build.make CMakeFiles/cmTryCompileExec395585393.dir/build
make[1]: Entering directory `/home/yutak/ros_ws/build_isolated/ros_gpio/CMakeFiles/CMakeTmp'
/usr/bin/cmake -E cmake_progress_report /home/yutak/ros_ws/build_isolated/ros_gpio/CMakeFiles/CMakeTmp/CMakeFiles 1
Building C object CMakeFiles/cmTryCompileExec395585393.dir/CheckFunctionExists.c.o
/usr/bin/cc   -DCHECK_FUNCTION_EXISTS=pthread_create   -o CMakeFiles/cmTryCompileExec395585393.dir/CheckFunctionExists.c.o   -c /usr/share/cmake-2.8/Modules/CheckFunctionExists.c
Linking C executable cmTryCompileExec395585393
/usr/bin/cmake -E cmake_link_script CMakeFiles/cmTryCompileExec395585393.dir/link.txt --verbose=1
/usr/bin/cc   -DCHECK_FUNCTION_EXISTS=pthread_create    CMakeFiles/cmTryCompileExec395585393.dir/CheckFunctionExists.c.o  -o cmTryCompileExec395585393 -rdynamic -lpthreads 
/usr/bin/ld: cannot find -lpthreads
collect2: error: ld returned 1 exit status
make[1]: Leaving directory `/home/yutak/ros_ws/build_isolated/ros_gpio/CMakeFiles/CMakeTmp'
make[1]: *** [cmTryCompileExec395585393] Error 1
make: *** [cmTryCompileExec395585393/fast] Error 2


